This is pdfTeX, Version 3.141592653-2.6-1.40.24 (MiKTeX 21.12) (preloaded format=pdflatex 2021.12.31)  4 JAN 2022 23:37
entering extended mode
 restricted \write18 enabled.
 %&-line parsing enabled.
**./refman.tex
(refman.tex
LaTeX2e <2021-11-15> patch level 1
L3 programming layer <2021-11-22>
(C:\Users\Ömer Polat\AppData\Local\Programs\MiKTeX\tex/latex/base\book.cls
Document Class: book 2021/10/04 v1.4n Standard LaTeX document class
(C:\Users\Ömer Polat\AppData\Local\Programs\MiKTeX\tex/latex/base\bk10.clo
File: bk10.clo 2021/10/04 v1.4n Standard LaTeX file (size option)
)
\c@part=\count183
\c@chapter=\count184
\c@section=\count185
\c@subsection=\count186
\c@subsubsection=\count187
\c@paragraph=\count188
\c@subparagraph=\count189
\c@figure=\count190
\c@table=\count191
\abovecaptionskip=\skip47
\belowcaptionskip=\skip48
\bibindent=\dimen138
)
(C:\Users\Ömer Polat\AppData\Local\Programs\MiKTeX\tex/latex/base\ifthen.sty
Package: ifthen 2020/11/24 v1.1c Standard LaTeX ifthen package (DPC)
)
(C:\Users\Ömer Polat\AppData\Local\Programs\MiKTeX\tex/latex/tools\array.sty
Rollback for package 'array' requested -> date 2016-10-06.
         Best approximation is the release introduced on 2016-10-06.

(C:\Users\Ömer Polat\AppData\Local\Programs\MiKTeX\tex/latex/tools\array-2016-
10-06.sty
Package: array 2016/10/06 v2.4d Tabular extension package (FMi)
\col@sep=\dimen139
\extrarowheight=\dimen140
\NC@list=\toks16
\extratabsurround=\skip49
\backup@length=\skip50
))
(C:\Users\Ömer Polat\AppData\Local\Programs\MiKTeX\tex/latex/base\fixltx2e.sty
Package: fixltx2e 2016/12/29 v2.1a fixes to LaTeX (obsolete)
Applying: [2015/01/01] Old fixltx2e package on input line 46.

Package fixltx2e Warning: fixltx2e is not required with releases after 2015
(fixltx2e)                All fixes are now in the LaTeX kernel.
(fixltx2e)                See the latexrelease package for details.

Already applied: [0000/00/00] Old fixltx2e package on input line 53.
) (doxygen.sty
Package: doxygen 

(C:\Users\Ömer Polat\AppData\Local\Programs\MiKTeX\tex/latex/base\alltt.sty
Package: alltt 2021/01/29 v2.0g defines alltt environment
)
(C:\Users\Ömer Polat\AppData\Local\Programs\MiKTeX\tex/latex/tools\calc.sty
Package: calc 2017/05/25 v4.3 Infix arithmetic (KKT,FJ)
\calc@Acount=\count192
\calc@Bcount=\count193
\calc@Adimen=\dimen141
\calc@Bdimen=\dimen142
\calc@Askip=\skip51
\calc@Bskip=\skip52
LaTeX Info: Redefining \setlength on input line 80.
LaTeX Info: Redefining \addtolength on input line 81.
\calc@Ccount=\count194
\calc@Cskip=\skip53
)
(C:\Users\Ömer Polat\AppData\Local\Programs\MiKTeX\tex/latex/float\float.sty
Package: float 2001/11/08 v1.3d Float enhancements (AL)
\c@float@type=\count195
\float@exts=\toks17
\float@box=\box50
\@float@everytoks=\toks18
\@floatcapt=\box51
)
(C:\Users\Ömer Polat\AppData\Local\Programs\MiKTeX\tex/latex/tools\verbatim.st
y
Package: verbatim 2020-07-07 v1.5u LaTeX2e package for verbatim enhancements
\every@verbatim=\toks19
\verbatim@line=\toks20
\verbatim@in@stream=\read2
)
(C:\Users\Ömer Polat\AppData\Local\Programs\MiKTeX\tex/latex/xcolor\xcolor.sty
Package: xcolor 2021/10/31 v2.13 LaTeX color extensions (UK)

(C:\Users\Ömer Polat\AppData\Local\Programs\MiKTeX\tex/latex/graphics-cfg\colo
r.cfg
File: color.cfg 2016/01/02 v1.6 sample color configuration
)
Package xcolor Info: Driver file: pdftex.def on input line 227.

(C:\Users\Ömer Polat\AppData\Local\Programs\MiKTeX\tex/latex/graphics-def\pdft
ex.def
File: pdftex.def 2020/10/05 v1.2a Graphics/color driver for pdftex
)
(C:\Users\Ömer Polat\AppData\Local\Programs\MiKTeX\tex/latex/colortbl\colortbl
.sty
Package: colortbl 2020/01/04 v1.0e Color table columns (DPC)
\everycr=\toks21
\minrowclearance=\skip54
)
\rownum=\count196
Package xcolor Info: Model `cmy' substituted by `cmy0' on input line 1352.
Package xcolor Info: Model `hsb' substituted by `rgb' on input line 1356.
Package xcolor Info: Model `RGB' extended on input line 1368.
Package xcolor Info: Model `HTML' substituted by `rgb' on input line 1370.
Package xcolor Info: Model `Hsb' substituted by `hsb' on input line 1371.
Package xcolor Info: Model `tHsb' substituted by `hsb' on input line 1372.
Package xcolor Info: Model `HSB' substituted by `hsb' on input line 1373.
Package xcolor Info: Model `Gray' substituted by `gray' on input line 1374.
Package xcolor Info: Model `wave' substituted by `hsb' on input line 1375.
) (longtable_doxygen.sty
Package: longtable_doxygen 2014/10/28 v4.11 Multi-page Table package (DPC) - fr
ozen version for doxygen
\LTleft=\skip55
\LTright=\skip56
\LTpre=\skip57
\LTpost=\skip58
\LTchunksize=\count197
\LTcapwidth=\dimen143
\LT@head=\box52
\LT@firsthead=\box53
\LT@foot=\box54
\LT@lastfoot=\box55
\LT@cols=\count198
\LT@rows=\count199
\c@LT@tables=\count266
\c@LT@chunks=\count267
\LT@p@ftn=\toks22
) (tabu_doxygen.sty
Package: tabu_doxygen 2011/02/26 v2.8 - flexible LaTeX tabulars (FC), frozen ve
rsion for doxygen

(C:\Users\Ömer Polat\AppData\Local\Programs\MiKTeX\tex/latex/varwidth\varwidth
.sty
Package: varwidth 2009/03/30 ver 0.92;  Variable-width minipages
\@vwid@box=\box56
\sift@deathcycles=\count268
\@vwid@loff=\dimen144
\@vwid@roff=\dimen145
)
\c@taburow=\count269
\tabu@nbcols=\count270
\tabu@cnt=\count271
\tabu@Xcol=\count272
\tabu@alloc=\count273
\tabu@nested=\count274
\tabu@target=\dimen146
\tabu@spreadtarget=\dimen147
\tabu@naturalX=\dimen148
\tabucolX=\dimen149
\tabu@Xsum=\dimen150
\extrarowdepth=\dimen151
\abovetabulinesep=\dimen152
\belowtabulinesep=\dimen153
\tabustrutrule=\dimen154
\tabu@thebody=\toks23
\tabu@footnotes=\toks24
\tabu@box=\box57
\tabu@arstrutbox=\box58
\tabu@hleads=\box59
\tabu@vleads=\box60
\tabu@cellskip=\skip59
)
(C:\Users\Ömer Polat\AppData\Local\Programs\MiKTeX\tex/latex/fancyvrb\fancyvrb
.sty
Package: fancyvrb 2021/12/21 4.1b verbatim text (tvz,hv)

(C:\Users\Ömer Polat\AppData\Local\Programs\MiKTeX\tex/latex/graphics\keyval.s
ty
Package: keyval 2014/10/28 v1.15 key=value parser (DPC)
\KV@toks@=\toks25
)
\FV@CodeLineNo=\count275
\FV@InFile=\read3
\FV@TabBox=\box61
\c@FancyVerbLine=\count276
\FV@StepNumber=\count277
\FV@OutFile=\write3
)
(C:\Users\Ömer Polat\AppData\Local\Programs\MiKTeX\tex/latex/tools\tabularx.st
y
Package: tabularx 2020/01/15 v2.11c `tabularx' package (DPC)
\TX@col@width=\dimen155
\TX@old@table=\dimen156
\TX@old@col=\dimen157
\TX@target=\dimen158
\TX@delta=\dimen159
\TX@cols=\count278
\TX@ftn=\toks26
)
(C:\Users\Ömer Polat\AppData\Local\Programs\MiKTeX\tex/latex/tools\multicol.st
y
Package: multicol 2021/10/28 v1.9b multicolumn formatting (FMi)
\c@tracingmulticols=\count279
\mult@box=\box62
\multicol@leftmargin=\dimen160
\c@unbalance=\count280
\c@collectmore=\count281
\doublecol@number=\count282
\multicoltolerance=\count283
\multicolpretolerance=\count284
\full@width=\dimen161
\page@free=\dimen162
\premulticols=\dimen163
\postmulticols=\dimen164
\multicolsep=\skip60
\multicolbaselineskip=\skip61
\partial@page=\box63
\last@line=\box64
\maxbalancingoverflow=\dimen165
\mult@rightbox=\box65
\mult@grightbox=\box66
\mult@firstbox=\box67
\mult@gfirstbox=\box68
\@tempa=\box69
\@tempa=\box70
\@tempa=\box71
\@tempa=\box72
\@tempa=\box73
\@tempa=\box74
\@tempa=\box75
\@tempa=\box76
\@tempa=\box77
\@tempa=\box78
\@tempa=\box79
\@tempa=\box80
\@tempa=\box81
\@tempa=\box82
\@tempa=\box83
\@tempa=\box84
\@tempa=\box85
\@tempa=\box86
\@tempa=\box87
\@tempa=\box88
\@tempa=\box89
\@tempa=\box90
\@tempa=\box91
\@tempa=\box92
\@tempa=\box93
\@tempa=\box94
\@tempa=\box95
\@tempa=\box96
\@tempa=\box97
\@tempa=\box98
\@tempa=\box99
\@tempa=\box100
\@tempa=\box101
\@tempa=\box102
\@tempa=\box103
\@tempa=\box104
\c@minrows=\count285
\c@columnbadness=\count286
\c@finalcolumnbadness=\count287
\last@try=\dimen166
\multicolovershoot=\dimen167
\multicolundershoot=\dimen168
\mult@nat@firstbox=\box105
\colbreak@box=\box106
\mc@col@check@num=\count288
)
(C:\Users\Ömer Polat\AppData\Local\Programs\MiKTeX\tex/latex/multirow\multirow
.sty
Package: multirow 2021/03/15 v2.8 Span multiple rows of a table
\multirow@colwidth=\skip62
\multirow@cntb=\count289
\multirow@dima=\skip63
\bigstrutjot=\dimen169
)
(C:\Users\Ömer Polat\AppData\Local\Programs\MiKTeX\tex/latex/hanging\hanging.s
ty
Package: hanging 2009/09/02 v1.2b hanging paragraphs and punctuation
\h@ngcommawd=\skip64
\h@ngfstopwd=\skip65
\h@ngquotewd=\skip66
\h@ngdquotewd=\skip67
\h@ngquerywd=\skip68
\h@ngexclwd=\skip69
\h@ngcolonwd=\skip70
\h@ngscolonwd=\skip71
)
(C:\Users\Ömer Polat\AppData\Local\Programs\MiKTeX\tex/generic/iftex\ifpdf.sty
Package: ifpdf 2019/10/25 v3.4 ifpdf legacy package. Use iftex instead.

(C:\Users\Ömer Polat\AppData\Local\Programs\MiKTeX\tex/generic/iftex\iftex.sty
Package: iftex 2020/03/06 v1.0d TeX engine tests
))
(C:\Users\Ömer Polat\AppData\Local\Programs\MiKTeX\tex/latex/adjustbox\adjustb
ox.sty
Package: adjustbox 2020/08/19 v1.3 Adjusting TeX boxes (trim, clip, ...)

(C:\Users\Ömer Polat\AppData\Local\Programs\MiKTeX\tex/latex/xkeyval\xkeyval.s
ty
Package: xkeyval 2020/11/20 v2.8 package option processing (HA)

(C:\Users\Ömer Polat\AppData\Local\Programs\MiKTeX\tex/generic/xkeyval\xkeyval
.tex
(C:\Users\Ömer Polat\AppData\Local\Programs\MiKTeX\tex/generic/xkeyval\xkvutil
s.tex
\XKV@toks=\toks27
\XKV@tempa@toks=\toks28
)
\XKV@depth=\count290
File: xkeyval.tex 2014/12/03 v2.7a key=value parser (HA)
))
(C:\Users\Ömer Polat\AppData\Local\Programs\MiKTeX\tex/latex/adjustbox\adjcalc
.sty
Package: adjcalc 2012/05/16 v1.1 Provides advanced setlength with multiple back
-ends (calc, etex, pgfmath)
)
(C:\Users\Ömer Polat\AppData\Local\Programs\MiKTeX\tex/latex/adjustbox\trimcli
p.sty
Package: trimclip 2020/08/19 v1.2 Trim and clip general TeX material

(C:\Users\Ömer Polat\AppData\Local\Programs\MiKTeX\tex/latex/graphics\graphicx
.sty
Package: graphicx 2021/09/16 v1.2d Enhanced LaTeX Graphics (DPC,SPQR)

(C:\Users\Ömer Polat\AppData\Local\Programs\MiKTeX\tex/latex/graphics\graphics
.sty
Package: graphics 2021/03/04 v1.4d Standard LaTeX Graphics (DPC,SPQR)

(C:\Users\Ömer Polat\AppData\Local\Programs\MiKTeX\tex/latex/graphics\trig.sty
Package: trig 2021/08/11 v1.11 sin cos tan (DPC)
)
(C:\Users\Ömer Polat\AppData\Local\Programs\MiKTeX\tex/latex/graphics-cfg\grap
hics.cfg
File: graphics.cfg 2016/06/04 v1.11 sample graphics configuration
)
Package graphics Info: Driver file: pdftex.def on input line 107.
)
\Gin@req@height=\dimen170
\Gin@req@width=\dimen171
)
(C:\Users\Ömer Polat\AppData\Local\Programs\MiKTeX\tex/latex/collectbox\collec
tbox.sty
Package: collectbox 2012/05/17 v0.4b Collect macro arguments as boxes
\collectedbox=\box107
)
\tc@llx=\dimen172
\tc@lly=\dimen173
\tc@urx=\dimen174
\tc@ury=\dimen175
Package trimclip Info: Using driver 'tc-pdftex.def'.

(C:\Users\Ömer Polat\AppData\Local\Programs\MiKTeX\tex/latex/adjustbox\tc-pdft
ex.def
File: tc-pdftex.def 2019/01/04 v2.2 Clipping driver for pdftex
))
\adjbox@Width=\dimen176
\adjbox@Height=\dimen177
\adjbox@Depth=\dimen178
\adjbox@Totalheight=\dimen179
\adjbox@pwidth=\dimen180
\adjbox@pheight=\dimen181
\adjbox@pdepth=\dimen182
\adjbox@ptotalheight=\dimen183

(C:\Users\Ömer Polat\AppData\Local\Programs\MiKTeX\tex/latex/ifoddpage\ifoddpa
ge.sty
Package: ifoddpage 2016/04/23 v1.1 Conditionals for odd/even page detection
\c@checkoddpage=\count291
))
(C:\Users\Ömer Polat\AppData\Local\Programs\MiKTeX\tex/latex/amsfonts\amssymb.
sty
Package: amssymb 2013/01/14 v3.01 AMS font symbols

(C:\Users\Ömer Polat\AppData\Local\Programs\MiKTeX\tex/latex/amsfonts\amsfonts
.sty
Package: amsfonts 2013/01/14 v3.01 Basic AMSFonts support
\@emptytoks=\toks29
\symAMSa=\mathgroup4
\symAMSb=\mathgroup5
LaTeX Font Info:    Redeclaring math symbol \hbar on input line 98.
LaTeX Font Info:    Overwriting math alphabet `\mathfrak' in version `bold'
(Font)                  U/euf/m/n --> U/euf/b/n on input line 106.
))
(C:\Users\Ömer Polat\AppData\Local\Programs\MiKTeX\tex/latex/stackengine\stack
engine.sty
Package: stackengine 2021/07/22 v4.11\ Stacking text and objects in convenient 
ways

(C:\Users\Ömer Polat\AppData\Local\Programs\MiKTeX\tex/latex/etoolbox\etoolbox
.sty
Package: etoolbox 2020/10/05 v2.5k e-TeX tools for LaTeX (JAW)
\etb@tempcnta=\count292
)
(C:\Users\Ömer Polat\AppData\Local\Programs\MiKTeX\tex/latex/listofitems\listo
fitems.sty
(C:\Users\Ömer Polat\AppData\Local\Programs\MiKTeX\tex/generic/listofitems\lis
tofitems.tex
\loi_cnt_foreach_nest=\count293
\loi_nestcnt=\count294
)
Package: listofitems 2019/08/21 v1.63 Grab items in lists using user-specified 
sep char (CT)
)
\c@@stackindex=\count295
\@boxshift=\skip72
\stack@tmplength=\skip73
\temp@stkl=\skip74
\@stackedboxwidth=\skip75
\@addedbox=\box108
\@anchorbox=\box109
\@insetbox=\box110
\se@backgroundbox=\box111
\stackedbox=\box112
\@centerbox=\box113
\c@ROWcellindex@=\count296
)
(C:\Users\Ömer Polat\AppData\Local\Programs\MiKTeX\tex/latex/enumitem\enumitem
.sty
Package: enumitem 2019/06/20 v3.9 Customized lists
\labelindent=\skip76
\enit@outerparindent=\dimen184
\enit@toks=\toks30
\enit@inbox=\box114
\enit@count@id=\count297
\enitdp@description=\count298
)
(C:\Users\Ömer Polat\AppData\Local\Programs\MiKTeX\tex/generic/alphalph\alphal
ph.sty
Package: alphalph 2019/12/09 v2.6 Convert numbers to letters (HO)

(C:\Users\Ömer Polat\AppData\Local\Programs\MiKTeX\tex/generic/infwarerr\infwa
rerr.sty
Package: infwarerr 2019/12/03 v1.5 Providing info/warning/error messages (HO)
)
(C:\Users\Ömer Polat\AppData\Local\Programs\MiKTeX\tex/generic/intcalc\intcalc
.sty
Package: intcalc 2019/12/15 v1.3 Expandable calculations with integers (HO)
))
(C:\Users\Ömer Polat\AppData\Local\Programs\MiKTeX\tex/latex/ulem\ulem.sty
\UL@box=\box115
\UL@hyphenbox=\box116
\UL@skip=\skip77
\UL@hook=\toks31
\UL@height=\dimen185
\UL@pe=\count299
\UL@pixel=\dimen186
\ULC@box=\box117
Package: ulem 2019/11/18
\ULdepth=\dimen187
)
\xrefbox=\box118
\xreflength=\skip78
\CodeWidthChar=\skip79
\CodeHeightChar=\skip80
\DoxyCodeWidth=\skip81
)
(C:\Users\Ömer Polat\AppData\Local\Programs\MiKTeX\tex/latex/base\inputenc.sty
Package: inputenc 2021/02/14 v1.3d Input encoding file
\inpenc@prehook=\toks32
\inpenc@posthook=\toks33
)
(C:\Users\Ömer Polat\AppData\Local\Programs\MiKTeX\tex/latex/base\makeidx.sty
Package: makeidx 2021/10/04 v1.0m Standard LaTeX package
)
(C:\Users\Ömer Polat\AppData\Local\Programs\MiKTeX\tex/latex/base\textcomp.sty
Package: textcomp 2020/02/02 v2.0n Standard LaTeX package
)
(C:\Users\Ömer Polat\AppData\Local\Programs\MiKTeX\tex/latex/wasysym\wasysym.s
ty
Package: wasysym 2020/01/19 v2.4 Wasy-2 symbol support package
\symwasy=\mathgroup6
LaTeX Font Info:    Overwriting symbol font `wasy' in version `bold'
(Font)                  U/wasy/m/n --> U/wasy/b/n on input line 93.
)
(C:\Users\Ömer Polat\AppData\Local\Programs\MiKTeX\tex/generic/iftex\ifxetex.s
ty
Package: ifxetex 2019/10/25 v0.7 ifxetex legacy package. Use iftex instead.
)
(C:\Users\Ömer Polat\AppData\Local\Programs\MiKTeX\tex/latex/base\fontenc.sty
Package: fontenc 2021/04/29 v2.0v Standard LaTeX package
)
(C:\Users\Ömer Polat\AppData\Local\Programs\MiKTeX\tex/latex/psnfss\helvet.sty
Package: helvet 2020/03/25 PSNFSS-v9.3 (WaS) 
)
(C:\Users\Ömer Polat\AppData\Local\Programs\MiKTeX\tex/latex/psnfss\courier.st
y
Package: courier 2020/03/25 PSNFSS-v9.3 (WaS) 
)
(C:\Users\Ömer Polat\AppData\Local\Programs\MiKTeX\tex/latex/sectsty\sectsty.s
ty
Package: sectsty 2002/02/25 v2.0.2 Commands to change all sectional heading sty
les


LaTeX Warning: Command \underbar  has changed.
               Check if current package is valid.


LaTeX Warning: Command \underline  has changed.
               Check if current package is valid.

)
(C:\Users\Ömer Polat\AppData\Local\Programs\MiKTeX\tex/latex/geometry\geometry
.sty
Package: geometry 2020/01/02 v5.9 Page Geometry

(C:\Users\Ömer Polat\AppData\Local\Programs\MiKTeX\tex/generic/iftex\ifvtex.st
y
Package: ifvtex 2019/10/25 v1.7 ifvtex legacy package. Use iftex instead.
)
\Gm@cnth=\count300
\Gm@cntv=\count301
\c@Gm@tempcnt=\count302
\Gm@bindingoffset=\dimen188
\Gm@wd@mp=\dimen189
\Gm@odd@mp=\dimen190
\Gm@even@mp=\dimen191
\Gm@layoutwidth=\dimen192
\Gm@layoutheight=\dimen193
\Gm@layouthoffset=\dimen194
\Gm@layoutvoffset=\dimen195
\Gm@dimlist=\toks34

(C:\Users\Ömer Polat\AppData\Local\Programs\MiKTeX\tex/latex/geometry\geometry
.cfg))
(C:\Users\Ömer Polat\AppData\Local\Programs\MiKTeX\tex/latex/fancyhdr\fancyhdr
.sty
Package: fancyhdr 2021/01/28 v4.0.1 Extensive control of page headers and foote
rs
\f@nch@headwidth=\skip82
\f@nch@O@elh=\skip83
\f@nch@O@erh=\skip84
\f@nch@O@olh=\skip85
\f@nch@O@orh=\skip86
\f@nch@O@elf=\skip87
\f@nch@O@erf=\skip88
\f@nch@O@olf=\skip89
\f@nch@O@orf=\skip90
)
(C:\Users\Ömer Polat\AppData\Local\Programs\MiKTeX\tex/latex/natbib\natbib.sty
Package: natbib 2010/09/13 8.31b (PWD, AO)
\bibhang=\skip91
\bibsep=\skip92
LaTeX Info: Redefining \cite on input line 694.
\c@NAT@ctr=\count303
)
(C:\Users\Ömer Polat\AppData\Local\Programs\MiKTeX\tex/latex/tocloft\tocloft.s
ty
Package: tocloft 2017/08/31 v2.3i parameterised ToC, etc., typesetting
Package tocloft Info: The document has chapter divisions on input line 51.
\cftparskip=\skip93
\cftbeforetoctitleskip=\skip94
\cftaftertoctitleskip=\skip95
\cftbeforepartskip=\skip96
\cftpartnumwidth=\skip97
\cftpartindent=\skip98
\cftbeforechapskip=\skip99
\cftchapindent=\skip100
\cftchapnumwidth=\skip101
\cftbeforesecskip=\skip102
\cftsecindent=\skip103
\cftsecnumwidth=\skip104
\cftbeforesubsecskip=\skip105
\cftsubsecindent=\skip106
\cftsubsecnumwidth=\skip107
\cftbeforesubsubsecskip=\skip108
\cftsubsubsecindent=\skip109
\cftsubsubsecnumwidth=\skip110
\cftbeforeparaskip=\skip111
\cftparaindent=\skip112
\cftparanumwidth=\skip113
\cftbeforesubparaskip=\skip114
\cftsubparaindent=\skip115
\cftsubparanumwidth=\skip116
\cftbeforeloftitleskip=\skip117
\cftafterloftitleskip=\skip118
\cftbeforefigskip=\skip119
\cftfigindent=\skip120
\cftfignumwidth=\skip121
\c@lofdepth=\count304
\c@lotdepth=\count305
\cftbeforelottitleskip=\skip122
\cftafterlottitleskip=\skip123
\cftbeforetabskip=\skip124
\cfttabindent=\skip125
\cfttabnumwidth=\skip126
)
\@indexfile=\write4
\openout4 = `refman.idx'.


Writing index file refman.idx

(C:\Users\Ömer Polat\AppData\Local\Programs\MiKTeX\tex/latex/newunicodechar\ne
wunicodechar.sty
Package: newunicodechar 2018/04/08 v1.2 Defining Unicode characters
)

Package newunicodechar Warning: Redefining Unicode character on input line 116.



Package newunicodechar Warning: Redefining Unicode character on input line 117.



(C:\Users\Ömer Polat\AppData\Local\Programs\MiKTeX\tex/latex/hyperref\hyperref
.sty
Package: hyperref 2021-06-07 v7.00m Hypertext links for LaTeX

(C:\Users\Ömer Polat\AppData\Local\Programs\MiKTeX\tex/generic/ltxcmds\ltxcmds
.sty
Package: ltxcmds 2020-05-10 v1.25 LaTeX kernel commands for general use (HO)
)
(C:\Users\Ömer Polat\AppData\Local\Programs\MiKTeX\tex/generic/pdftexcmds\pdft
excmds.sty
Package: pdftexcmds 2020-06-27 v0.33 Utility functions of pdfTeX for LuaTeX (HO
)
Package pdftexcmds Info: \pdf@primitive is available.
Package pdftexcmds Info: \pdf@ifprimitive is available.
Package pdftexcmds Info: \pdfdraftmode found.
)
(C:\Users\Ömer Polat\AppData\Local\Programs\MiKTeX\tex/generic/kvsetkeys\kvset
keys.sty
Package: kvsetkeys 2019/12/15 v1.18 Key value parser (HO)
)
(C:\Users\Ömer Polat\AppData\Local\Programs\MiKTeX\tex/generic/kvdefinekeys\kv
definekeys.sty
Package: kvdefinekeys 2019-12-19 v1.6 Define keys (HO)
)
(C:\Users\Ömer Polat\AppData\Local\Programs\MiKTeX\tex/generic/pdfescape\pdfes
cape.sty
Package: pdfescape 2019/12/09 v1.15 Implements pdfTeX's escape features (HO)
)
(C:\Users\Ömer Polat\AppData\Local\Programs\MiKTeX\tex/latex/hycolor\hycolor.s
ty
Package: hycolor 2020-01-27 v1.10 Color options for hyperref/bookmark (HO)
)
(C:\Users\Ömer Polat\AppData\Local\Programs\MiKTeX\tex/latex/letltxmacro\letlt
xmacro.sty
Package: letltxmacro 2019/12/03 v1.6 Let assignment for LaTeX macros (HO)
)
(C:\Users\Ömer Polat\AppData\Local\Programs\MiKTeX\tex/latex/auxhook\auxhook.s
ty
Package: auxhook 2019-12-17 v1.6 Hooks for auxiliary files (HO)
)
(C:\Users\Ömer Polat\AppData\Local\Programs\MiKTeX\tex/latex/kvoptions\kvoptio
ns.sty
Package: kvoptions 2020-10-07 v3.14 Key value format for package options (HO)
)
\@linkdim=\dimen196
\Hy@linkcounter=\count306
\Hy@pagecounter=\count307

(C:\Users\Ömer Polat\AppData\Local\Programs\MiKTeX\tex/latex/hyperref\pd1enc.d
ef
File: pd1enc.def 2021-06-07 v7.00m Hyperref: PDFDocEncoding definition (HO)
Now handling font encoding PD1 ...
... no UTF-8 mapping file for font encoding PD1
)
(C:\Users\Ömer Polat\AppData\Local\Programs\MiKTeX\tex/latex/hyperref\hyperref
-langpatches.def
File: hyperref-langpatches.def 2021-06-07 v7.00m Hyperref: patches for babel la
nguages
)
(C:\Users\Ömer Polat\AppData\Local\Programs\MiKTeX\tex/generic/etexcmds\etexcm
ds.sty
Package: etexcmds 2019/12/15 v1.7 Avoid name clashes with e-TeX commands (HO)
)
\Hy@SavedSpaceFactor=\count308

(C:\Users\Ömer Polat\AppData\Local\Programs\MiKTeX\tex/latex/hyperref\puenc.de
f
File: puenc.def 2021-06-07 v7.00m Hyperref: PDF Unicode definition (HO)
Now handling font encoding PU ...
... no UTF-8 mapping file for font encoding PU
)
Package hyperref Info: Hyper figures OFF on input line 4192.
Package hyperref Info: Link nesting OFF on input line 4197.
Package hyperref Info: Hyper index ON on input line 4200.
Package hyperref Info: Plain pages OFF on input line 4207.
Package hyperref Info: Backreferencing ON on input line 4210.
Package hyperref Info: Implicit mode ON; LaTeX internals redefined.
Package hyperref Info: Bookmarks ON on input line 4445.

(C:\Users\Ömer Polat\AppData\Local\Programs\MiKTeX\tex/latex/hyperref\backref.
sty
Package: backref 2021/02/04 v1.41 Bibliographical back referencing

(C:\Users\Ömer Polat\AppData\Local\Programs\MiKTeX\tex/latex/rerunfilecheck\re
runfilecheck.sty
Package: rerunfilecheck 2019/12/05 v1.9 Rerun checks for auxiliary files (HO)

(C:\Users\Ömer Polat\AppData\Local\Programs\MiKTeX\tex/latex/base\atveryend-lt
x.sty
Package: atveryend-ltx 2020/08/19 v1.0a Emulation of the original atveryend pac
kage
with kernel methods
)
(C:\Users\Ömer Polat\AppData\Local\Programs\MiKTeX\tex/generic/uniquecounter\u
niquecounter.sty
Package: uniquecounter 2019/12/15 v1.4 Provide unlimited unique counter (HO)

(C:\Users\Ömer Polat\AppData\Local\Programs\MiKTeX\tex/generic/bigintcalc\bigi
ntcalc.sty
Package: bigintcalc 2019/12/15 v1.5 Expandable calculations on big integers (HO
)
))
Package uniquecounter Info: New unique counter `rerunfilecheck' on input line 2
86.
))
\c@Hy@tempcnt=\count309

(C:\Users\Ömer Polat\AppData\Local\Programs\MiKTeX\tex/latex/url\url.sty
\Urlmuskip=\muskip16
Package: url 2013/09/16  ver 3.4  Verb mode for urls, etc.
)
LaTeX Info: Redefining \url on input line 4804.
\XeTeXLinkMargin=\dimen197

(C:\Users\Ömer Polat\AppData\Local\Programs\MiKTeX\tex/generic/bitset\bitset.s
ty
Package: bitset 2019/12/09 v1.3 Handle bit-vector datatype (HO)
)
\Fld@menulength=\count310
\Field@Width=\dimen198
\Fld@charsize=\dimen199
Package hyperref Info: Hyper figures OFF on input line 6076.
Package hyperref Info: Link nesting OFF on input line 6081.
Package hyperref Info: Hyper index ON on input line 6084.
Package hyperref Info: backreferencing ON on input line 6089.
Package hyperref Info: Link coloring OFF on input line 6096.
Package hyperref Info: Link coloring with OCG OFF on input line 6101.
Package hyperref Info: PDF/A mode OFF on input line 6106.
LaTeX Info: Redefining \ref on input line 6146.
LaTeX Info: Redefining \pageref on input line 6150.

(C:\Users\Ömer Polat\AppData\Local\Programs\MiKTeX\tex/latex/base\atbegshi-ltx
.sty
Package: atbegshi-ltx 2021/01/10 v1.0c Emulation of the original atbegshi
package with kernel methods
)
\Hy@abspage=\count311
\c@Item=\count312
\c@Hfootnote=\count313


LaTeX Warning: Command \LT@p@ftntext  has changed.
               Check if current package is valid.

)
Package hyperref Info: Driver: hpdftex.

(C:\Users\Ömer Polat\AppData\Local\Programs\MiKTeX\tex/latex/hyperref\hpdftex.
def
File: hpdftex.def 2021-06-07 v7.00m Hyperref driver for pdfTeX
\Fld@listcount=\count314
\c@bookmark@seq@number=\count315
\Hy@SectionHShift=\skip127
)
Package hyperref Info: Option `colorlinks' set `true' on input line 134.
Package hyperref Info: Option `unicode' set `true' on input line 134.

(C:\Users\Ömer Polat\AppData\Local\Programs\MiKTeX\tex/latex/caption\caption.s
ty
Package: caption 2020/10/26 v3.5g Customizing captions (AR)

(C:\Users\Ömer Polat\AppData\Local\Programs\MiKTeX\tex/latex/caption\caption3.
sty
Package: caption3 2020/10/21 v2.2e caption3 kernel (AR)
\captionmargin=\dimen256
\captionmargin@=\dimen257
\captionwidth=\dimen258
\caption@tempdima=\dimen259
\caption@indent=\dimen260
\caption@parindent=\dimen261
\caption@hangindent=\dimen262
Package caption Info: Standard document class detected.
)
\c@caption@flags=\count316
\c@continuedfloat=\count317
Package caption Info: float package is loaded.
Package caption Info: hyperref package is loaded.
Package caption Info: longtable package is loaded.

(C:\Users\Ömer Polat\AppData\Local\Programs\MiKTeX\tex/latex/caption\ltcaption
.sty
Package: ltcaption 2020/05/30 v1.4b longtable captions (AR)
))
(C:\Users\Ömer Polat\AppData\Local\Programs\MiKTeX\tex/latex/etoc\etoc.sty
Package: etoc 2021/09/23 v1.09e Completely customisable TOCs (JFB)
\Etoc@toctoks=\toks35
\c@etoc@tocid=\count318
\c@etoc@tocdepth=\count319
\etoc@framed@titlebox=\box119
\etoc@framed@contentsbox=\box120
)
LaTeX Font Info:    Trying to load font information for T1+phv on input line 15
0.

(C:\Users\Ömer Polat\AppData\Local\Programs\MiKTeX\tex/latex/psnfss\t1phv.fd
File: t1phv.fd 2020/03/25 scalable font definitions for T1/phv.
)
LaTeX Font Info:    Font shape `T1/phv/m/n' will be
(Font)              scaled to size 8.99994pt on input line 150.

(C:\Users\Ömer Polat\AppData\Local\Programs\MiKTeX\tex/latex/l3backend\l3backe
nd-pdftex.def
File: l3backend-pdftex.def 2021-10-18 L3 backend support: PDF output (pdfTeX)
\l__color_backend_stack_int=\count320
\l__pdf_internal_box=\box121
) (refman.aux)
\openout1 = `refman.aux'.

LaTeX Font Info:    Checking defaults for OML/cmm/m/it on input line 150.
LaTeX Font Info:    ... okay on input line 150.
LaTeX Font Info:    Checking defaults for OMS/cmsy/m/n on input line 150.
LaTeX Font Info:    ... okay on input line 150.
LaTeX Font Info:    Checking defaults for OT1/cmr/m/n on input line 150.
LaTeX Font Info:    ... okay on input line 150.
LaTeX Font Info:    Checking defaults for T1/cmr/m/n on input line 150.
LaTeX Font Info:    ... okay on input line 150.
LaTeX Font Info:    Checking defaults for TS1/cmr/m/n on input line 150.
LaTeX Font Info:    ... okay on input line 150.
LaTeX Font Info:    Checking defaults for OMX/cmex/m/n on input line 150.
LaTeX Font Info:    ... okay on input line 150.
LaTeX Font Info:    Checking defaults for U/cmr/m/n on input line 150.
LaTeX Font Info:    ... okay on input line 150.
LaTeX Font Info:    Checking defaults for PD1/pdf/m/n on input line 150.
LaTeX Font Info:    ... okay on input line 150.
LaTeX Font Info:    Checking defaults for PU/pdf/m/n on input line 150.
LaTeX Font Info:    ... okay on input line 150.

(C:\Users\Ömer Polat\AppData\Local\Programs\MiKTeX\tex/context/base/mkii\supp-
pdf.mkii
[Loading MPS to PDF converter (version 2006.09.02).]
\scratchcounter=\count321
\scratchdimen=\dimen263
\scratchbox=\box122
\nofMPsegments=\count322
\nofMParguments=\count323
\everyMPshowfont=\toks36
\MPscratchCnt=\count324
\MPscratchDim=\dimen264
\MPnumerator=\count325
\makeMPintoPDFobject=\count326
\everyMPtoPDFconversion=\toks37
)
(C:\Users\Ömer Polat\AppData\Local\Programs\MiKTeX\tex/latex/epstopdf-pkg\epst
opdf-base.sty
Package: epstopdf-base 2020-01-24 v2.11 Base part for package epstopdf
Package epstopdf-base Info: Redefining graphics rule for `.eps' on input line 4
85.

(C:\Users\Ömer Polat\AppData\Local\Programs\MiKTeX\tex/latex/00miktex\epstopdf
-sys.cfg
File: epstopdf-sys.cfg 2021/03/18 v2.0 Configuration of epstopdf for MiKTeX
))
*geometry* driver: auto-detecting
*geometry* detected driver: pdftex
*geometry* verbose mode - [ preamble ] result:
* driver: pdftex
* paper: a4paper
* layout: <same size as paper>
* layoutoffset:(h,v)=(0.0pt,0.0pt)
* modes: twoside 
* h-part:(L,W,R)=(71.13188pt, 455.24411pt, 71.13188pt)
* v-part:(T,H,B)=(71.13188pt, 702.78308pt, 71.13188pt)
* \paperwidth=597.50787pt
* \paperheight=845.04684pt
* \textwidth=455.24411pt
* \textheight=702.78308pt
* \oddsidemargin=-1.1381pt
* \evensidemargin=-1.1381pt
* \topmargin=-31.2056pt
* \headheight=12.0pt
* \headsep=18.06749pt
* \topskip=10.0pt
* \footskip=25.29494pt
* \marginparwidth=125.0pt
* \marginparsep=7.0pt
* \columnsep=10.0pt
* \skip\footins=9.0pt plus 4.0pt minus 2.0pt
* \hoffset=0.0pt
* \voffset=0.0pt
* \mag=1000
* \@twocolumnfalse
* \@twosidetrue
* \@mparswitchtrue
* \@reversemarginfalse
* (1in=72.27pt=25.4mm, 1cm=28.453pt)

Package hyperref Info: Link coloring ON on input line 150.

(C:\Users\Ömer Polat\AppData\Local\Programs\MiKTeX\tex/latex/hyperref\nameref.
sty
Package: nameref 2021-04-02 v2.47 Cross-referencing by name of section

(C:\Users\Ömer Polat\AppData\Local\Programs\MiKTeX\tex/latex/refcount\refcount
.sty
Package: refcount 2019/12/15 v3.6 Data extraction from label references (HO)
)
(C:\Users\Ömer Polat\AppData\Local\Programs\MiKTeX\tex/generic/gettitlestring\
gettitlestring.sty
Package: gettitlestring 2019/12/15 v1.6 Cleanup title references (HO)
)
\c@section@level=\count327
)
LaTeX Info: Redefining \ref on input line 150.
LaTeX Info: Redefining \pageref on input line 150.
LaTeX Info: Redefining \nameref on input line 150.
 (refman.out) (refman.out)
\@outlinefile=\write5
\openout5 = `refman.out'.

Package backref Info: ** backref set up for natbib ** on input line 150.
Package caption Info: Begin \AtBeginDocument code.
Package caption Info: End \AtBeginDocument code.
\Etoc@tf=\read4
Package hyperref Info: Option `pageanchor' set `false' on input line 158.
Package hyperref Info: Option `bookmarksnumbered' set `true' on input line 158.

Package hyperref Info: Option `unicode' set `true' on input line 158.
LaTeX Font Info:    Font shape `T1/phv/m/n' will be
(Font)              scaled to size 12.9599pt on input line 163.
LaTeX Font Info:    Font shape `T1/phv/m/n' will be
(Font)              scaled to size 10.79993pt on input line 165.
 [1


{C:/Users/Ömer Polat/AppData/Local/MiKTeX/fonts/map/pdftex/pdftex.map}] [2

]
\tf@toc=\write6
\openout6 = `refman.toc'.

LaTeX Font Info:    Font shape `T1/phv/b/n' will be
(Font)              scaled to size 8.99994pt on input line 171.
LaTeX Font Info:    Trying to load font information for U+msa on input line 171
.

(C:\Users\Ömer Polat\AppData\Local\Programs\MiKTeX\tex/latex/amsfonts\umsa.fd
File: umsa.fd 2013/01/14 v3.01 AMS symbols A
)
LaTeX Font Info:    Trying to load font information for U+msb on input line 171
.
(C:\Users\Ömer Polat\AppData\Local\Programs\MiKTeX\tex/latex/amsfonts\umsb.fd
File: umsb.fd 2013/01/14 v3.01 AMS symbols B
)
LaTeX Font Info:    Trying to load font information for U+wasy on input line 17
1.
(C:\Users\Ömer Polat\AppData\Local\Programs\MiKTeX\tex/latex/wasysym\uwasy.fd
File: uwasy.fd 2020/01/19 v2.4 Wasy-2 symbol font definitions
)
LaTeX Font Info:    Font shape `T1/phv/m/n' will be
(Font)              scaled to size 6.29996pt on input line 171.
LaTeX Font Info:    Font shape `T1/phv/b/n' will be
(Font)              scaled to size 6.29996pt on input line 171.
[1]
Overfull \hbox (20.59775pt too wide) in paragraph at lines 171--171
 [][] [][]\T1/phv/m/n/10 6.1 C[]:/a/ce103-hw5-omer-polat/ce103-hw5-snake-app/ob
j/[]Debug/.NETFramework,Version=v4.7.2.Assembly[] 
 []


Overfull \hbox (20.09369pt too wide) in paragraph at lines 171--171
 [][] [][]\T1/phv/m/n/10 6.3 C[]:/a/ce103-hw5-omer-polat/ce103-hw5-snake-test/o
bj/[]Debug/.NETFramework,Version=v4.7.2.Assembly[] 
 []

[2]
Package hyperref Info: Option `pageanchor' set `true' on input line 174.

Chapter 1.
LaTeX Font Info:    Font shape `T1/phv/m/n' will be
(Font)              scaled to size 18.66588pt on input line 176.
LaTeX Font Info:    Font shape `T1/phv/b/n' will be
(Font)              scaled to size 18.66588pt on input line 176.
LaTeX Font Info:    Font shape `T1/phv/bc/n' will be
(Font)              scaled to size 18.66588pt on input line 176.
LaTeX Font Info:    Font shape `T1/phv/m/n' will be
(Font)              scaled to size 22.39185pt on input line 176.
LaTeX Font Info:    Font shape `T1/phv/b/n' will be
(Font)              scaled to size 22.39185pt on input line 176.
LaTeX Font Info:    Font shape `T1/phv/bc/n' will be
(Font)              scaled to size 22.39185pt on input line 176.
(namespaces.tex
LaTeX Font Info:    Font shape `T1/phv/b/n' will be
(Font)              scaled to size 12.9599pt on input line 1.
) [1


] [2

]
Chapter 2.
(annotated.tex) [3] [4

]
Chapter 3.
(files.tex
Overfull \hbox (45.76558pt too wide) in paragraph at lines 4--4
 [][] \T1/phv/m/n/10 C[]:/a/ce103-hw5-omer-polat/ce103-hw5-snake-app/obj/[]Debu
g/[] 
 []


Underfull \hbox (badness 10000) in paragraph at lines 4--4
 []  
 []


Overfull \hbox (39.75368pt too wide) in paragraph at lines 7--7
 [][] \T1/phv/m/n/10 C[]:/a/ce103-hw5-omer-polat/ce103-hw5-snake-dll/obj/[]Debu
g/[] 
 []


Underfull \hbox (badness 10000) in paragraph at lines 7--7
 []  
 []


Overfull \hbox (45.26152pt too wide) in paragraph at lines 10--10
 [][] \T1/phv/m/n/10 C[]:/a/ce103-hw5-omer-polat/ce103-hw5-snake-test/obj/[]Deb
ug/[] 
 []


Underfull \hbox (badness 10000) in paragraph at lines 10--10
 []  
 []

) [5] [6

]
Chapter 4.
(d5/d16/a00029.tex
LaTeX Font Info:    Font shape `T1/phv/b/n' will be
(Font)              scaled to size 10.79993pt on input line 3.
LaTeX Font Info:    Trying to load font information for TS1+phv on input line 6
.

(C:\Users\Ömer Polat\AppData\Local\Programs\MiKTeX\tex/latex/psnfss\ts1phv.fd
File: ts1phv.fd 2020/03/25 scalable font definitions for TS1/phv.
)
LaTeX Font Info:    Font shape `TS1/phv/m/n' will be
(Font)              scaled to size 8.99994pt on input line 6.
) (d5/d79/a00030.tex) (df/d61/a00031.tex) [7] [8

]
Chapter 5.
(d2/dee/a00049.tex
LaTeX Font Info:    Font shape `T1/phv/m/it' in size <10> not available
(Font)              Font shape `T1/phv/m/sl' tried instead on input line 21.
LaTeX Font Info:    Font shape `T1/phv/m/sl' will be
(Font)              scaled to size 8.99994pt on input line 21.

(C:\Users\Ömer Polat\AppData\Local\Programs\MiKTeX\tex/latex/psnfss\t1pcr.fd)
[9]
LaTeX Font Info:    Font shape `T1/phv/m/n' will be
(Font)              scaled to size 7.19995pt on input line 110.
LaTeX Font Info:    Font shape `T1/pcr/m/it' in size <8> not available
(Font)              Font shape `T1/pcr/m/sl' tried instead on input line 110.

Underfull \hbox (badness 10000) in paragraph at lines 114--115
[]\T1/phv/m/n/10 References [], [],
 []


Overfull \hbox (104.94624pt too wide) in paragraph at lines 114--115
[]\T1/phv/m/n/10 , [], [],
 []

 <./d2/dee/a00049_a9ef88a2c07aee569b7a5623bbd323b32_cgraph.pdf

pdfTeX warning: pdflatex (file ./d2/dee/a00049_a9ef88a2c07aee569b7a5623bbd323b3
2_cgraph.pdf): PDF inclusion: multiple pdfs with page group included in a singl
e page
>
<d2/dee/a00049_a9ef88a2c07aee569b7a5623bbd323b32_cgraph.pdf, id=565, 691.58376p
t x 111.41624pt>
File: d2/dee/a00049_a9ef88a2c07aee569b7a5623bbd323b32_cgraph.pdf Graphic file (
type pdf)
<use d2/dee/a00049_a9ef88a2c07aee569b7a5623bbd323b32_cgraph.pdf>
Package pdftex.def Info: d2/dee/a00049_a9ef88a2c07aee569b7a5623bbd323b32_cgraph
.pdf  used on input line 125.
(pdftex.def)             Requested size: 350.0pt x 56.3863pt.
 <./d2/dee/a00049_a9ef88a2c07aee569b7a5623bbd323b32_icgraph.pdf

pdfTeX warning: pdflatex (file ./d2/dee/a00049_a9ef88a2c07aee569b7a5623bbd323b3
2_icgraph.pdf): PDF inclusion: multiple pdfs with page group included in a sing
le page
>
<d2/dee/a00049_a9ef88a2c07aee569b7a5623bbd323b32_icgraph.pdf, id=573, 933.4875p
t x 138.5175pt>
File: d2/dee/a00049_a9ef88a2c07aee569b7a5623bbd323b32_icgraph.pdf Graphic file 
(type pdf)
<use d2/dee/a00049_a9ef88a2c07aee569b7a5623bbd323b32_icgraph.pdf>
Package pdftex.def Info: d2/dee/a00049_a9ef88a2c07aee569b7a5623bbd323b32_icgrap
h.pdf  used on input line 133.
(pdftex.def)             Requested size: 350.0pt x 51.93547pt.
LaTeX Font Info:    Font shape `T1/pcr/m/it' in size <7> not available
(Font)              Font shape `T1/pcr/m/sl' tried instead on input line 140.
 [10]
Overfull \hbox (95.85355pt too wide) in paragraph at lines 148--149
[]\T1/phv/m/n/10 Referenced by [], [],
 []


Overfull \hbox (23.78282pt too wide) in paragraph at lines 148--149
[]\T1/phv/m/n/10 , [],
 []

 <./d2/dee/a00049_a2d3bc264f8103c1883ade4393a159725_cgraph.pdf>
<d2/dee/a00049_a2d3bc264f8103c1883ade4393a159725_cgraph.pdf, id=616, 483.8075pt
 x 111.41624pt>
File: d2/dee/a00049_a2d3bc264f8103c1883ade4393a159725_cgraph.pdf Graphic file (
type pdf)
<use d2/dee/a00049_a2d3bc264f8103c1883ade4393a159725_cgraph.pdf>
Package pdftex.def Info: d2/dee/a00049_a2d3bc264f8103c1883ade4393a159725_cgraph
.pdf  used on input line 155.
(pdftex.def)             Requested size: 350.0pt x 80.60555pt.
 <./d2/dee/a00049_a2d3bc264f8103c1883ade4393a159725_icgraph.pdf

pdfTeX warning: pdflatex (file ./d2/dee/a00049_a2d3bc264f8103c1883ade4393a15972
5_icgraph.pdf): PDF inclusion: multiple pdfs with page group included in a sing
le page
>
<d2/dee/a00049_a2d3bc264f8103c1883ade4393a159725_icgraph.pdf, id=624, 942.52126
pt x 415.5525pt>
File: d2/dee/a00049_a2d3bc264f8103c1883ade4393a159725_icgraph.pdf Graphic file 
(type pdf)
<use d2/dee/a00049_a2d3bc264f8103c1883ade4393a159725_icgraph.pdf>
Package pdftex.def Info: d2/dee/a00049_a2d3bc264f8103c1883ade4393a159725_icgrap
h.pdf  used on input line 163.
(pdftex.def)             Requested size: 350.0pt x 154.31pt.
 <./d2/dee/a00049_a38f4ba5cf7dab19d81e0d9a78e1fd7f8_icgraph.pdf

pdfTeX warning: pdflatex (file ./d2/dee/a00049_a38f4ba5cf7dab19d81e0d9a78e1fd7f
8_icgraph.pdf): PDF inclusion: multiple pdfs with page group included in a sing
le page
>
<d2/dee/a00049_a38f4ba5cf7dab19d81e0d9a78e1fd7f8_icgraph.pdf, id=634, 1186.4325
pt x 434.62375pt>
File: d2/dee/a00049_a38f4ba5cf7dab19d81e0d9a78e1fd7f8_icgraph.pdf Graphic file 
(type pdf)
<use d2/dee/a00049_a38f4ba5cf7dab19d81e0d9a78e1fd7f8_icgraph.pdf>
Package pdftex.def Info: d2/dee/a00049_a38f4ba5cf7dab19d81e0d9a78e1fd7f8_icgrap
h.pdf  used on input line 181.
(pdftex.def)             Requested size: 350.0pt x 128.21289pt.
 [11] <./d2/dee/a00049_a02ff1cc59e436cf4144225d020f980c8_icgraph.pdf>
<d2/dee/a00049_a02ff1cc59e436cf4144225d020f980c8_icgraph.pdf, id=657, 481.8pt x
 138.5175pt>
File: d2/dee/a00049_a02ff1cc59e436cf4144225d020f980c8_icgraph.pdf Graphic file 
(type pdf)
<use d2/dee/a00049_a02ff1cc59e436cf4144225d020f980c8_icgraph.pdf>
Package pdftex.def Info: d2/dee/a00049_a02ff1cc59e436cf4144225d020f980c8_icgrap
h.pdf  used on input line 199.
(pdftex.def)             Requested size: 350.0pt x 100.62657pt.

Overfull \hbox (17.32077pt too wide) in paragraph at lines 210--211
[]\T1/phv/m/n/10 Referenced by [], [],
 []

 <./d2/dee/a00049_a08ada322cfc8ae6e7dd55fab1045d223_icgraph.pdf

pdfTeX warning: pdflatex (file ./d2/dee/a00049_a08ada322cfc8ae6e7dd55fab1045d22
3_icgraph.pdf): PDF inclusion: multiple pdfs with page group included in a sing
le page
>
<d2/dee/a00049_a08ada322cfc8ae6e7dd55fab1045d223_icgraph.pdf, id=669, 942.52126
pt x 268.00125pt>
File: d2/dee/a00049_a08ada322cfc8ae6e7dd55fab1045d223_icgraph.pdf Graphic file 
(type pdf)
<use d2/dee/a00049_a08ada322cfc8ae6e7dd55fab1045d223_icgraph.pdf>
Package pdftex.def Info: d2/dee/a00049_a08ada322cfc8ae6e7dd55fab1045d223_icgrap
h.pdf  used on input line 217.
(pdftex.def)             Requested size: 350.0pt x 99.51877pt.
 [12] <./d2/dee/a00049_a6ee411bf3ab695d2e525e1a2852160a9_cgraph.pdf>
<d2/dee/a00049_a6ee411bf3ab695d2e525e1a2852160a9_cgraph.pdf, id=692, 459.7175pt
 x 111.41624pt>
File: d2/dee/a00049_a6ee411bf3ab695d2e525e1a2852160a9_cgraph.pdf Graphic file (
type pdf)
<use d2/dee/a00049_a6ee411bf3ab695d2e525e1a2852160a9_cgraph.pdf>
Package pdftex.def Info: d2/dee/a00049_a6ee411bf3ab695d2e525e1a2852160a9_cgraph
.pdf  used on input line 239.
(pdftex.def)             Requested size: 350.0pt x 84.83023pt.
 <./d2/dee/a00049_a6ee411bf3ab695d2e525e1a2852160a9_icgraph.pdf

pdfTeX warning: pdflatex (file ./d2/dee/a00049_a6ee411bf3ab695d2e525e1a2852160a
9_icgraph.pdf): PDF inclusion: multiple pdfs with page group included in a sing
le page
>
<d2/dee/a00049_a6ee411bf3ab695d2e525e1a2852160a9_icgraph.pdf, id=700, 476.78125
pt x 138.5175pt>
File: d2/dee/a00049_a6ee411bf3ab695d2e525e1a2852160a9_icgraph.pdf Graphic file 
(type pdf)
<use d2/dee/a00049_a6ee411bf3ab695d2e525e1a2852160a9_icgraph.pdf>
Package pdftex.def Info: d2/dee/a00049_a6ee411bf3ab695d2e525e1a2852160a9_icgrap
h.pdf  used on input line 247.
(pdftex.def)             Requested size: 350.0pt x 101.68971pt.
 <./d2/dee/a00049_ae31c93e368ca652c25c8d0dc2bc58744_cgraph.pdf

pdfTeX warning: pdflatex (file ./d2/dee/a00049_ae31c93e368ca652c25c8d0dc2bc5874
4_cgraph.pdf): PDF inclusion: multiple pdfs with page group included in a singl
e page
>
<d2/dee/a00049_ae31c93e368ca652c25c8d0dc2bc58744_cgraph.pdf, id=710, 454.69875p
t x 111.41624pt>
File: d2/dee/a00049_ae31c93e368ca652c25c8d0dc2bc58744_cgraph.pdf Graphic file (
type pdf)
<use d2/dee/a00049_ae31c93e368ca652c25c8d0dc2bc58744_cgraph.pdf>
Package pdftex.def Info: d2/dee/a00049_ae31c93e368ca652c25c8d0dc2bc58744_cgraph
.pdf  used on input line 269.
(pdftex.def)             Requested size: 350.0pt x 85.76187pt.
 <./d2/dee/a00049_ae31c93e368ca652c25c8d0dc2bc58744_icgraph.pdf

pdfTeX warning: pdflatex (file ./d2/dee/a00049_ae31c93e368ca652c25c8d0dc2bc5874
4_icgraph.pdf): PDF inclusion: multiple pdfs with page group included in a sing
le page
>
<d2/dee/a00049_ae31c93e368ca652c25c8d0dc2bc58744_icgraph.pdf, id=718, 931.48pt 
x 138.5175pt>
File: d2/dee/a00049_ae31c93e368ca652c25c8d0dc2bc58744_icgraph.pdf Graphic file 
(type pdf)
<use d2/dee/a00049_ae31c93e368ca652c25c8d0dc2bc58744_icgraph.pdf>
Package pdftex.def Info: d2/dee/a00049_ae31c93e368ca652c25c8d0dc2bc58744_icgrap
h.pdf  used on input line 277.
(pdftex.def)             Requested size: 350.0pt x 52.04749pt.
 [13] <./d2/dee/a00049_af339b90157df939f390ee61ad4840bdc_cgraph.pdf>
<d2/dee/a00049_af339b90157df939f390ee61ad4840bdc_cgraph.pdf, id=738, 507.8975pt
 x 111.41624pt>
File: d2/dee/a00049_af339b90157df939f390ee61ad4840bdc_cgraph.pdf Graphic file (
type pdf)
<use d2/dee/a00049_af339b90157df939f390ee61ad4840bdc_cgraph.pdf>
Package pdftex.def Info: d2/dee/a00049_af339b90157df939f390ee61ad4840bdc_cgraph
.pdf  used on input line 299.
(pdftex.def)             Requested size: 350.0pt x 76.78038pt.
 <./d2/dee/a00049_af339b90157df939f390ee61ad4840bdc_icgraph.pdf

pdfTeX warning: pdflatex (file ./d2/dee/a00049_af339b90157df939f390ee61ad4840bd
c_icgraph.pdf): PDF inclusion: multiple pdfs with page group included in a sing
le page
>
<d2/dee/a00049_af339b90157df939f390ee61ad4840bdc_icgraph.pdf, id=746, 966.61125
pt x 138.5175pt>
File: d2/dee/a00049_af339b90157df939f390ee61ad4840bdc_icgraph.pdf Graphic file 
(type pdf)
<use d2/dee/a00049_af339b90157df939f390ee61ad4840bdc_icgraph.pdf>
Package pdftex.def Info: d2/dee/a00049_af339b90157df939f390ee61ad4840bdc_icgrap
h.pdf  used on input line 307.
(pdftex.def)             Requested size: 350.0pt x 50.1558pt.
 <./d2/dee/a00049_a5c1a9f0d6092f2ab00a8f6aefa770fba_icgraph.pdf

pdfTeX warning: pdflatex (file ./d2/dee/a00049_a5c1a9f0d6092f2ab00a8f6aefa770fb
a_icgraph.pdf): PDF inclusion: multiple pdfs with page group included in a sing
le page
>
<d2/dee/a00049_a5c1a9f0d6092f2ab00a8f6aefa770fba_icgraph.pdf, id=755, 689.57625
pt x 138.5175pt>
File: d2/dee/a00049_a5c1a9f0d6092f2ab00a8f6aefa770fba_icgraph.pdf Graphic file 
(type pdf)
<use d2/dee/a00049_a5c1a9f0d6092f2ab00a8f6aefa770fba_icgraph.pdf>
Package pdftex.def Info: d2/dee/a00049_a5c1a9f0d6092f2ab00a8f6aefa770fba_icgrap
h.pdf  used on input line 325.
(pdftex.def)             Requested size: 350.0pt x 70.3048pt.
 [14] <./d2/dee/a00049_ab6aa67448adac1e3c4ec4cb84b0fc7b5_icgraph.pdf>
<d2/dee/a00049_ab6aa67448adac1e3c4ec4cb84b0fc7b5_icgraph.pdf, id=773, 694.595pt
 x 138.5175pt>
File: d2/dee/a00049_ab6aa67448adac1e3c4ec4cb84b0fc7b5_icgraph.pdf Graphic file 
(type pdf)
<use d2/dee/a00049_ab6aa67448adac1e3c4ec4cb84b0fc7b5_icgraph.pdf>
Package pdftex.def Info: d2/dee/a00049_ab6aa67448adac1e3c4ec4cb84b0fc7b5_icgrap
h.pdf  used on input line 347.
(pdftex.def)             Requested size: 350.0pt x 69.79965pt.

Underfull \hbox (badness 10000) in paragraph at lines 358--359
[]\T1/phv/m/n/10 References [], [],
 []


Overfull \hbox (117.58153pt too wide) in paragraph at lines 358--359
[]\T1/phv/m/n/10 , [], [],
 []


Underfull \hbox (badness 10000) in paragraph at lines 358--359
[]\T1/phv/m/n/10 , [], and
 []

 <./d2/dee/a00049_ae1ba07842d976d2ca4e3feb68c0f3bde_cgraph.pdf

pdfTeX warning: pdflatex (file ./d2/dee/a00049_ae1ba07842d976d2ca4e3feb68c0f3bd
e_cgraph.pdf): PDF inclusion: multiple pdfs with page group included in a singl
e page
>
<d2/dee/a00049_ae1ba07842d976d2ca4e3feb68c0f3bde_cgraph.pdf, id=791, 1184.425pt
 x 422.57875pt>
File: d2/dee/a00049_ae1ba07842d976d2ca4e3feb68c0f3bde_cgraph.pdf Graphic file (
type pdf)
<use d2/dee/a00049_ae1ba07842d976d2ca4e3feb68c0f3bde_cgraph.pdf>
Package pdftex.def Info: d2/dee/a00049_ae1ba07842d976d2ca4e3feb68c0f3bde_cgraph
.pdf  used on input line 369.
(pdftex.def)             Requested size: 350.0pt x 124.87242pt.
 [15] <./d2/dee/a00049_ae1ba07842d976d2ca4e3feb68c0f3bde_icgraph.pdf>
<d2/dee/a00049_ae1ba07842d976d2ca4e3feb68c0f3bde_icgraph.pdf, id=807, 491.8375p
t x 138.5175pt>
File: d2/dee/a00049_ae1ba07842d976d2ca4e3feb68c0f3bde_icgraph.pdf Graphic file 
(type pdf)
<use d2/dee/a00049_ae1ba07842d976d2ca4e3feb68c0f3bde_icgraph.pdf>
Package pdftex.def Info: d2/dee/a00049_ae1ba07842d976d2ca4e3feb68c0f3bde_icgrap
h.pdf  used on input line 377.
(pdftex.def)             Requested size: 350.0pt x 98.57425pt.
 <./d2/dee/a00049_afeb519ee364f67bbe98472199291405c_icgraph.pdf

pdfTeX warning: pdflatex (file ./d2/dee/a00049_afeb519ee364f67bbe98472199291405
c_icgraph.pdf): PDF inclusion: multiple pdfs with page group included in a sing
le page
>
<d2/dee/a00049_afeb519ee364f67bbe98472199291405c_icgraph.pdf, id=817, 694.595pt
 x 138.5175pt>
File: d2/dee/a00049_afeb519ee364f67bbe98472199291405c_icgraph.pdf Graphic file 
(type pdf)
<use d2/dee/a00049_afeb519ee364f67bbe98472199291405c_icgraph.pdf>
Package pdftex.def Info: d2/dee/a00049_afeb519ee364f67bbe98472199291405c_icgrap
h.pdf  used on input line 399.
(pdftex.def)             Requested size: 350.0pt x 69.79965pt.

Overfull \hbox (85.32616pt too wide) in paragraph at lines 410--411
[]\T1/phv/m/n/10 References [], [], [],
 []

 <./d2/dee/a00049_a6ffafc22a06edc44f83bbd4248c3225e_cgraph.pdf

pdfTeX warning: pdflatex (file ./d2/dee/a00049_a6ffafc22a06edc44f83bbd4248c3225
e_cgraph.pdf): PDF inclusion: multiple pdfs with page group included in a singl
e page
>
<d2/dee/a00049_a6ffafc22a06edc44f83bbd4248c3225e_cgraph.pdf, id=830, 1397.22pt 
x 597.23125pt>
File: d2/dee/a00049_a6ffafc22a06edc44f83bbd4248c3225e_cgraph.pdf Graphic file (
type pdf)
<use d2/dee/a00049_a6ffafc22a06edc44f83bbd4248c3225e_cgraph.pdf>
Package pdftex.def Info: d2/dee/a00049_a6ffafc22a06edc44f83bbd4248c3225e_cgraph
.pdf  used on input line 417.
(pdftex.def)             Requested size: 350.0pt x 149.59906pt.
 [16] <./d2/dee/a00049_a46379c5bc52b54e0e0fbcd0182320aeb_cgraph.pdf>
<d2/dee/a00049_a46379c5bc52b54e0e0fbcd0182320aeb_cgraph.pdf, id=849, 684.5575pt
 x 111.41624pt>
File: d2/dee/a00049_a46379c5bc52b54e0e0fbcd0182320aeb_cgraph.pdf Graphic file (
type pdf)
<use d2/dee/a00049_a46379c5bc52b54e0e0fbcd0182320aeb_cgraph.pdf>
Package pdftex.def Info: d2/dee/a00049_a46379c5bc52b54e0e0fbcd0182320aeb_cgraph
.pdf  used on input line 439.
(pdftex.def)             Requested size: 350.0pt x 56.96603pt.
 <./d2/dee/a00049_a46379c5bc52b54e0e0fbcd0182320aeb_icgraph.pdf

pdfTeX warning: pdflatex (file ./d2/dee/a00049_a46379c5bc52b54e0e0fbcd0182320ae
b_icgraph.pdf): PDF inclusion: multiple pdfs with page group included in a sing
le page
>
<d2/dee/a00049_a46379c5bc52b54e0e0fbcd0182320aeb_icgraph.pdf, id=857, 492.84125
pt x 138.5175pt>
File: d2/dee/a00049_a46379c5bc52b54e0e0fbcd0182320aeb_icgraph.pdf Graphic file 
(type pdf)
<use d2/dee/a00049_a46379c5bc52b54e0e0fbcd0182320aeb_icgraph.pdf>
Package pdftex.def Info: d2/dee/a00049_a46379c5bc52b54e0e0fbcd0182320aeb_icgrap
h.pdf  used on input line 447.
(pdftex.def)             Requested size: 350.0pt x 98.37558pt.
 [17]
Underfull \hbox (badness 10000) in paragraph at lines 458--459
[]\T1/phv/m/n/10 References [], [],
 []

 <./d2/dee/a00049_abd8c24a16272ff27022ef8c6f1fc8524_cgraph.pdf>
<d2/dee/a00049_abd8c24a16272ff27022ef8c6f1fc8524_cgraph.pdf, id=878, 454.69875p
t x 111.41624pt>
File: d2/dee/a00049_abd8c24a16272ff27022ef8c6f1fc8524_cgraph.pdf Graphic file (
type pdf)
<use d2/dee/a00049_abd8c24a16272ff27022ef8c6f1fc8524_cgraph.pdf>
Package pdftex.def Info: d2/dee/a00049_abd8c24a16272ff27022ef8c6f1fc8524_cgraph
.pdf  used on input line 469.
(pdftex.def)             Requested size: 350.0pt x 85.76187pt.
 <./d2/dee/a00049_abd8c24a16272ff27022ef8c6f1fc8524_icgraph.pdf

pdfTeX warning: pdflatex (file ./d2/dee/a00049_abd8c24a16272ff27022ef8c6f1fc852
4_icgraph.pdf): PDF inclusion: multiple pdfs with page group included in a sing
le page
>
<d2/dee/a00049_abd8c24a16272ff27022ef8c6f1fc8524_icgraph.pdf, id=886, 701.62125
pt x 138.5175pt>
File: d2/dee/a00049_abd8c24a16272ff27022ef8c6f1fc8524_icgraph.pdf Graphic file 
(type pdf)
<use d2/dee/a00049_abd8c24a16272ff27022ef8c6f1fc8524_icgraph.pdf>
Package pdftex.def Info: d2/dee/a00049_abd8c24a16272ff27022ef8c6f1fc8524_icgrap
h.pdf  used on input line 477.
(pdftex.def)             Requested size: 350.0pt x 69.10005pt.

Overfull \hbox (131.9187pt too wide) in paragraph at lines 488--489
[]\T1/phv/m/n/10 References [], [], [],
 []

 <./d2/dee/a00049_a028e04318430275ddaa13b78353e8f25_cgraph.pdf

pdfTeX warning: pdflatex (file ./d2/dee/a00049_a028e04318430275ddaa13b78353e8f2
5_cgraph.pdf): PDF inclusion: multiple pdfs with page group included in a singl
e page
>
<d2/dee/a00049_a028e04318430275ddaa13b78353e8f25_cgraph.pdf, id=899, 457.71pt x
 111.41624pt>
File: d2/dee/a00049_a028e04318430275ddaa13b78353e8f25_cgraph.pdf Graphic file (
type pdf)
<use d2/dee/a00049_a028e04318430275ddaa13b78353e8f25_cgraph.pdf>
Package pdftex.def Info: d2/dee/a00049_a028e04318430275ddaa13b78353e8f25_cgraph
.pdf  used on input line 499.
(pdftex.def)             Requested size: 350.0pt x 85.20084pt.
 <./d2/dee/a00049_a028e04318430275ddaa13b78353e8f25_icgraph.pdf

pdfTeX warning: pdflatex (file ./d2/dee/a00049_a028e04318430275ddaa13b78353e8f2
5_icgraph.pdf): PDF inclusion: multiple pdfs with page group included in a sing
le page
>
<d2/dee/a00049_a028e04318430275ddaa13b78353e8f25_icgraph.pdf, id=907, 929.4725p
t x 138.5175pt>
File: d2/dee/a00049_a028e04318430275ddaa13b78353e8f25_icgraph.pdf Graphic file 
(type pdf)
<use d2/dee/a00049_a028e04318430275ddaa13b78353e8f25_icgraph.pdf>
Package pdftex.def Info: d2/dee/a00049_a028e04318430275ddaa13b78353e8f25_icgrap
h.pdf  used on input line 507.
(pdftex.def)             Requested size: 350.0pt x 52.15952pt.
 [18]
Underfull \hbox (badness 10000) in paragraph at lines 518--519
[]\T1/phv/m/n/10 References [], [],
 []

 <./d2/dee/a00049_a17086b05773355a15f3b67086831d497_icgraph.pdf>
<d2/dee/a00049_a17086b05773355a15f3b67086831d497_icgraph.pdf, id=928, 1136.245p
t x 138.5175pt>
File: d2/dee/a00049_a17086b05773355a15f3b67086831d497_icgraph.pdf Graphic file 
(type pdf)
<use d2/dee/a00049_a17086b05773355a15f3b67086831d497_icgraph.pdf>
Package pdftex.def Info: d2/dee/a00049_a17086b05773355a15f3b67086831d497_icgrap
h.pdf  used on input line 529.
(pdftex.def)             Requested size: 350.0pt x 42.66731pt.
 <./d2/dee/a00049_aff195689d111b585591b6b6844dbd372_cgraph.pdf

pdfTeX warning: pdflatex (file ./d2/dee/a00049_aff195689d111b585591b6b6844dbd37
2_cgraph.pdf): PDF inclusion: multiple pdfs with page group included in a singl
e page
>
<d2/dee/a00049_aff195689d111b585591b6b6844dbd372_cgraph.pdf, id=938, 480.79625p
t x 111.41624pt>
File: d2/dee/a00049_aff195689d111b585591b6b6844dbd372_cgraph.pdf Graphic file (
type pdf)
<use d2/dee/a00049_aff195689d111b585591b6b6844dbd372_cgraph.pdf>
Package pdftex.def Info: d2/dee/a00049_aff195689d111b585591b6b6844dbd372_cgraph
.pdf  used on input line 551.
(pdftex.def)             Requested size: 350.0pt x 81.10876pt.
 <./d2/dee/a00049_aff195689d111b585591b6b6844dbd372_icgraph.pdf

pdfTeX warning: pdflatex (file ./d2/dee/a00049_aff195689d111b585591b6b6844dbd37
2_icgraph.pdf): PDF inclusion: multiple pdfs with page group included in a sing
le page
>
<d2/dee/a00049_aff195689d111b585591b6b6844dbd372_icgraph.pdf, id=946, 1168.365p
t x 138.5175pt>
File: d2/dee/a00049_aff195689d111b585591b6b6844dbd372_icgraph.pdf Graphic file 
(type pdf)
<use d2/dee/a00049_aff195689d111b585591b6b6844dbd372_icgraph.pdf>
Package pdftex.def Info: d2/dee/a00049_aff195689d111b585591b6b6844dbd372_icgrap
h.pdf  used on input line 559.
(pdftex.def)             Requested size: 350.0pt x 41.49426pt.
 [19] <./d2/dee/a00049_ac43d05c38f9f41dbc42a3a6bcb442f14_icgraph.pdf>
<d2/dee/a00049_ac43d05c38f9f41dbc42a3a6bcb442f14_icgraph.pdf, id=964, 705.63625
pt x 138.5175pt>
File: d2/dee/a00049_ac43d05c38f9f41dbc42a3a6bcb442f14_icgraph.pdf Graphic file 
(type pdf)
<use d2/dee/a00049_ac43d05c38f9f41dbc42a3a6bcb442f14_icgraph.pdf>
Package pdftex.def Info: d2/dee/a00049_ac43d05c38f9f41dbc42a3a6bcb442f14_icgrap
h.pdf  used on input line 577.
(pdftex.def)             Requested size: 350.0pt x 68.7048pt.
 <./d2/dee/a00049_a8bda7f6ff9d0ba312fe837c8beae3654_icgraph.pdf

pdfTeX warning: pdflatex (file ./d2/dee/a00049_a8bda7f6ff9d0ba312fe837c8beae365
4_icgraph.pdf): PDF inclusion: multiple pdfs with page group included in a sing
le page
>
<d2/dee/a00049_a8bda7f6ff9d0ba312fe837c8beae3654_icgraph.pdf, id=974, 936.49875
pt x 138.5175pt>
File: d2/dee/a00049_a8bda7f6ff9d0ba312fe837c8beae3654_icgraph.pdf Graphic file 
(type pdf)
<use d2/dee/a00049_a8bda7f6ff9d0ba312fe837c8beae3654_icgraph.pdf>
Package pdftex.def Info: d2/dee/a00049_a8bda7f6ff9d0ba312fe837c8beae3654_icgrap
h.pdf  used on input line 595.
(pdftex.def)             Requested size: 350.0pt x 51.7685pt.

Overfull \hbox (97.13383pt too wide) in paragraph at lines 606--607
[]\T1/phv/m/n/10 , [], [],
 []


Overfull \hbox (101.44472pt too wide) in paragraph at lines 606--607
[]\T1/phv/m/n/10 , [], [],
 []

 <./d2/dee/a00049_a268c96e10b24c2b50bcf75e048548f95_cgraph.pdf

pdfTeX warning: pdflatex (file ./d2/dee/a00049_a268c96e10b24c2b50bcf75e048548f9
5_cgraph.pdf): PDF inclusion: multiple pdfs with page group included in a singl
e page
>
<d2/dee/a00049_a268c96e10b24c2b50bcf75e048548f95_cgraph.pdf, id=992, 955.57pt x
 398.48875pt>
File: d2/dee/a00049_a268c96e10b24c2b50bcf75e048548f95_cgraph.pdf Graphic file (
type pdf)
<use d2/dee/a00049_a268c96e10b24c2b50bcf75e048548f95_cgraph.pdf>
Package pdftex.def Info: d2/dee/a00049_a268c96e10b24c2b50bcf75e048548f95_cgraph
.pdf  used on input line 617.
(pdftex.def)             Requested size: 350.0pt x 145.9549pt.
 [20] <./d2/dee/a00049_a268c96e10b24c2b50bcf75e048548f95_icgraph.pdf>
<d2/dee/a00049_a268c96e10b24c2b50bcf75e048548f95_icgraph.pdf, id=1007, 722.7pt 
x 138.5175pt>
File: d2/dee/a00049_a268c96e10b24c2b50bcf75e048548f95_icgraph.pdf Graphic file 
(type pdf)
<use d2/dee/a00049_a268c96e10b24c2b50bcf75e048548f95_icgraph.pdf>
Package pdftex.def Info: d2/dee/a00049_a268c96e10b24c2b50bcf75e048548f95_icgrap
h.pdf  used on input line 625.
(pdftex.def)             Requested size: 350.0pt x 67.08366pt.

Underfull \hbox (badness 10000) in paragraph at lines 636--637
[]\T1/phv/m/n/10 Referenced by [], [],
 []


Overfull \hbox (88.05292pt too wide) in paragraph at lines 636--637
[]\T1/phv/m/n/10 , [], [],
 []

 <./d2/dee/a00049_a75471862cf9ce7eadaa220273eae32bc_icgraph.pdf

pdfTeX warning: pdflatex (file ./d2/dee/a00049_a75471862cf9ce7eadaa220273eae32b
c_icgraph.pdf): PDF inclusion: multiple pdfs with page group included in a sing
le page
>
<d2/dee/a00049_a75471862cf9ce7eadaa220273eae32bc_icgraph.pdf, id=1021, 1377.145
pt x 329.23pt>
File: d2/dee/a00049_a75471862cf9ce7eadaa220273eae32bc_icgraph.pdf Graphic file 
(type pdf)
<use d2/dee/a00049_a75471862cf9ce7eadaa220273eae32bc_icgraph.pdf>
Package pdftex.def Info: d2/dee/a00049_a75471862cf9ce7eadaa220273eae32bc_icgrap
h.pdf  used on input line 643.
(pdftex.def)             Requested size: 350.0pt x 83.67372pt.
 <./d2/dee/a00049_a865fe7a628bbc7ab78cafd00a8f2b4ad_cgraph.pdf

pdfTeX warning: pdflatex (file ./d2/dee/a00049_a865fe7a628bbc7ab78cafd00a8f2b4a
d_cgraph.pdf): PDF inclusion: multiple pdfs with page group included in a singl
e page
>
<d2/dee/a00049_a865fe7a628bbc7ab78cafd00a8f2b4ad_cgraph.pdf, id=1032, 481.8pt x
 111.41624pt>
File: d2/dee/a00049_a865fe7a628bbc7ab78cafd00a8f2b4ad_cgraph.pdf Graphic file (
type pdf)
<use d2/dee/a00049_a865fe7a628bbc7ab78cafd00a8f2b4ad_cgraph.pdf>
Package pdftex.def Info: d2/dee/a00049_a865fe7a628bbc7ab78cafd00a8f2b4ad_cgraph
.pdf  used on input line 665.
(pdftex.def)             Requested size: 350.0pt x 80.93875pt.
 [21] <./d2/dee/a00049_a865fe7a628bbc7ab78cafd00a8f2b4ad_icgraph.pdf>
<d2/dee/a00049_a865fe7a628bbc7ab78cafd00a8f2b4ad_icgraph.pdf, id=1049, 498.8637
5pt x 138.5175pt>
File: d2/dee/a00049_a865fe7a628bbc7ab78cafd00a8f2b4ad_icgraph.pdf Graphic file 
(type pdf)
<use d2/dee/a00049_a865fe7a628bbc7ab78cafd00a8f2b4ad_icgraph.pdf>
Package pdftex.def Info: d2/dee/a00049_a865fe7a628bbc7ab78cafd00a8f2b4ad_icgrap
h.pdf  used on input line 673.
(pdftex.def)             Requested size: 350.0pt x 97.18562pt.
 <./d2/dee/a00049_aca109a5aa4f94363f513078ec12bb9d5_cgraph.pdf

pdfTeX warning: pdflatex (file ./d2/dee/a00049_aca109a5aa4f94363f513078ec12bb9d
5_cgraph.pdf): PDF inclusion: multiple pdfs with page group included in a singl
e page
>
<d2/dee/a00049_aca109a5aa4f94363f513078ec12bb9d5_cgraph.pdf, id=1059, 446.66875
pt x 111.41624pt>
File: d2/dee/a00049_aca109a5aa4f94363f513078ec12bb9d5_cgraph.pdf Graphic file (
type pdf)
<use d2/dee/a00049_aca109a5aa4f94363f513078ec12bb9d5_cgraph.pdf>
Package pdftex.def Info: d2/dee/a00049_aca109a5aa4f94363f513078ec12bb9d5_cgraph
.pdf  used on input line 695.
(pdftex.def)             Requested size: 350.0pt x 87.30553pt.
 <./d2/dee/a00049_aca109a5aa4f94363f513078ec12bb9d5_icgraph.pdf

pdfTeX warning: pdflatex (file ./d2/dee/a00049_aca109a5aa4f94363f513078ec12bb9d
5_icgraph.pdf): PDF inclusion: multiple pdfs with page group included in a sing
le page
>
<d2/dee/a00049_aca109a5aa4f94363f513078ec12bb9d5_icgraph.pdf, id=1067, 923.45pt
 x 138.5175pt>
File: d2/dee/a00049_aca109a5aa4f94363f513078ec12bb9d5_icgraph.pdf Graphic file 
(type pdf)
<use d2/dee/a00049_aca109a5aa4f94363f513078ec12bb9d5_icgraph.pdf>
Package pdftex.def Info: d2/dee/a00049_aca109a5aa4f94363f513078ec12bb9d5_icgrap
h.pdf  used on input line 703.
(pdftex.def)             Requested size: 350.0pt x 52.4998pt.
 [22]
LaTeX Font Info:    Trying to load font information for TS1+pcr on input line 7
13.

(C:\Users\Ömer Polat\AppData\Local\Programs\MiKTeX\tex/latex/psnfss\ts1pcr.fd
File: ts1pcr.fd 2001/06/04 font definitions for TS1/pcr.
)
Overfull \hbox (26.75403pt too wide) in paragraph at lines 767--768
[]\T1/phv/m/n/10 Referenced by [], and []. 
 []

[23]
Overfull \hbox (26.75403pt too wide) in paragraph at lines 787--788
[]\T1/phv/m/n/10 Referenced by [], and []. 
 []

[24]) (d6/d97/a00045.tex
Overfull \hbox (85.32616pt too wide) in paragraph at lines 19--20
[]\T1/phv/m/n/10 References [], [], [],
 []

 <./d6/d97/a00045_a3781960913402c8b5f04c0af2a67e18d_cgraph.pdf

pdfTeX warning: pdflatex (file ./d6/d97/a00045_a3781960913402c8b5f04c0af2a67e18
d_cgraph.pdf): PDF inclusion: multiple pdfs with page group included in a singl
e page
>
<d6/d97/a00045_a3781960913402c8b5f04c0af2a67e18d_cgraph.pdf, id=1120, 1410.2687
5pt x 597.23125pt>
File: d6/d97/a00045_a3781960913402c8b5f04c0af2a67e18d_cgraph.pdf Graphic file (
type pdf)
<use d6/d97/a00045_a3781960913402c8b5f04c0af2a67e18d_cgraph.pdf>
Package pdftex.def Info: d6/d97/a00045_a3781960913402c8b5f04c0af2a67e18d_cgraph
.pdf  used on input line 26.
(pdftex.def)             Requested size: 350.0pt x 148.21388pt.
) (dc/dee/a00053.tex [25] <./dc/dee/a00053_a69f1183064451e3df46b2cd71e86b73c_cg
raph.pdf>
<dc/dee/a00053_a69f1183064451e3df46b2cd71e86b73c_cgraph.pdf, id=1146, 672.5125p
t x 111.41624pt>
File: dc/dee/a00053_a69f1183064451e3df46b2cd71e86b73c_cgraph.pdf Graphic file (
type pdf)
<use dc/dee/a00053_a69f1183064451e3df46b2cd71e86b73c_cgraph.pdf>
Package pdftex.def Info: dc/dee/a00053_a69f1183064451e3df46b2cd71e86b73c_cgraph
.pdf  used on input line 42.
(pdftex.def)             Requested size: 350.0pt x 57.98438pt.
 <./dc/dee/a00053_a1d6f4b42c3cba2505f63b63548a958e9_cgraph.pdf

pdfTeX warning: pdflatex (file ./dc/dee/a00053_a1d6f4b42c3cba2505f63b63548a958e
9_cgraph.pdf): PDF inclusion: multiple pdfs with page group included in a singl
e page
>
<dc/dee/a00053_a1d6f4b42c3cba2505f63b63548a958e9_cgraph.pdf, id=1155, 672.5125p
t x 111.41624pt>
File: dc/dee/a00053_a1d6f4b42c3cba2505f63b63548a958e9_cgraph.pdf Graphic file (
type pdf)
<use dc/dee/a00053_a1d6f4b42c3cba2505f63b63548a958e9_cgraph.pdf>
Package pdftex.def Info: dc/dee/a00053_a1d6f4b42c3cba2505f63b63548a958e9_cgraph
.pdf  used on input line 60.
(pdftex.def)             Requested size: 350.0pt x 57.98438pt.
 <./dc/dee/a00053_a04787823840ad6f2f2a24e9344cd1ca1_cgraph.pdf

pdfTeX warning: pdflatex (file ./dc/dee/a00053_a04787823840ad6f2f2a24e9344cd1ca
1_cgraph.pdf): PDF inclusion: multiple pdfs with page group included in a singl
e page
>
<dc/dee/a00053_a04787823840ad6f2f2a24e9344cd1ca1_cgraph.pdf, id=1164, 672.5125p
t x 111.41624pt>
File: dc/dee/a00053_a04787823840ad6f2f2a24e9344cd1ca1_cgraph.pdf Graphic file (
type pdf)
<use dc/dee/a00053_a04787823840ad6f2f2a24e9344cd1ca1_cgraph.pdf>
Package pdftex.def Info: dc/dee/a00053_a04787823840ad6f2f2a24e9344cd1ca1_cgraph
.pdf  used on input line 78.
(pdftex.def)             Requested size: 350.0pt x 57.98438pt.
 [26] <./dc/dee/a00053_afc17a1da34fbf8d305f49bfc7e978f67_cgraph.pdf>
<dc/dee/a00053_afc17a1da34fbf8d305f49bfc7e978f67_cgraph.pdf, id=1181, 659.46375
pt x 111.41624pt>
File: dc/dee/a00053_afc17a1da34fbf8d305f49bfc7e978f67_cgraph.pdf Graphic file (
type pdf)
<use dc/dee/a00053_afc17a1da34fbf8d305f49bfc7e978f67_cgraph.pdf>
Package pdftex.def Info: dc/dee/a00053_afc17a1da34fbf8d305f49bfc7e978f67_cgraph
.pdf  used on input line 96.
(pdftex.def)             Requested size: 350.0pt x 59.13362pt.
 <./dc/dee/a00053_a642fff56c652e36ca3440a007f512395_cgraph.pdf

pdfTeX warning: pdflatex (file ./dc/dee/a00053_a642fff56c652e36ca3440a007f51239
5_cgraph.pdf): PDF inclusion: multiple pdfs with page group included in a singl
e page
>
<dc/dee/a00053_a642fff56c652e36ca3440a007f512395_cgraph.pdf, id=1190, 659.46375
pt x 111.41624pt>
File: dc/dee/a00053_a642fff56c652e36ca3440a007f512395_cgraph.pdf Graphic file (
type pdf)
<use dc/dee/a00053_a642fff56c652e36ca3440a007f512395_cgraph.pdf>
Package pdftex.def Info: dc/dee/a00053_a642fff56c652e36ca3440a007f512395_cgraph
.pdf  used on input line 114.
(pdftex.def)             Requested size: 350.0pt x 59.13362pt.
 <./dc/dee/a00053_a82cbc5fd1fa723ff76365d7cfb53a6ea_cgraph.pdf

pdfTeX warning: pdflatex (file ./dc/dee/a00053_a82cbc5fd1fa723ff76365d7cfb53a6e
a_cgraph.pdf): PDF inclusion: multiple pdfs with page group included in a singl
e page
>
<dc/dee/a00053_a82cbc5fd1fa723ff76365d7cfb53a6ea_cgraph.pdf, id=1199, 659.46375
pt x 111.41624pt>
File: dc/dee/a00053_a82cbc5fd1fa723ff76365d7cfb53a6ea_cgraph.pdf Graphic file (
type pdf)
<use dc/dee/a00053_a82cbc5fd1fa723ff76365d7cfb53a6ea_cgraph.pdf>
Package pdftex.def Info: dc/dee/a00053_a82cbc5fd1fa723ff76365d7cfb53a6ea_cgraph
.pdf  used on input line 132.
(pdftex.def)             Requested size: 350.0pt x 59.13362pt.
 [27] <./dc/dee/a00053_a22bc12b925fd524bc2100eb06ea04fa9_cgraph.pdf>
<dc/dee/a00053_a22bc12b925fd524bc2100eb06ea04fa9_cgraph.pdf, id=1217, 439.6425p
t x 111.41624pt>
File: dc/dee/a00053_a22bc12b925fd524bc2100eb06ea04fa9_cgraph.pdf Graphic file (
type pdf)
<use dc/dee/a00053_a22bc12b925fd524bc2100eb06ea04fa9_cgraph.pdf>
Package pdftex.def Info: dc/dee/a00053_a22bc12b925fd524bc2100eb06ea04fa9_cgraph
.pdf  used on input line 150.
(pdftex.def)             Requested size: 350.0pt x 88.7013pt.
 <./dc/dee/a00053_a894987caf663a22cfa2fa3a096d0de1d_cgraph.pdf

pdfTeX warning: pdflatex (file ./dc/dee/a00053_a894987caf663a22cfa2fa3a096d0de1
d_cgraph.pdf): PDF inclusion: multiple pdfs with page group included in a singl
e page
>
<dc/dee/a00053_a894987caf663a22cfa2fa3a096d0de1d_cgraph.pdf, id=1226, 439.6425p
t x 111.41624pt>
File: dc/dee/a00053_a894987caf663a22cfa2fa3a096d0de1d_cgraph.pdf Graphic file (
type pdf)
<use dc/dee/a00053_a894987caf663a22cfa2fa3a096d0de1d_cgraph.pdf>
Package pdftex.def Info: dc/dee/a00053_a894987caf663a22cfa2fa3a096d0de1d_cgraph
.pdf  used on input line 168.
(pdftex.def)             Requested size: 350.0pt x 88.7013pt.
 <./dc/dee/a00053_a6bedf1db28e78fc221f3c09535e0feaf_cgraph.pdf

pdfTeX warning: pdflatex (file ./dc/dee/a00053_a6bedf1db28e78fc221f3c09535e0fea
f_cgraph.pdf): PDF inclusion: multiple pdfs with page group included in a singl
e page
>
<dc/dee/a00053_a6bedf1db28e78fc221f3c09535e0feaf_cgraph.pdf, id=1235, 439.6425p
t x 111.41624pt>
File: dc/dee/a00053_a6bedf1db28e78fc221f3c09535e0feaf_cgraph.pdf Graphic file (
type pdf)
<use dc/dee/a00053_a6bedf1db28e78fc221f3c09535e0feaf_cgraph.pdf>
Package pdftex.def Info: dc/dee/a00053_a6bedf1db28e78fc221f3c09535e0feaf_cgraph
.pdf  used on input line 186.
(pdftex.def)             Requested size: 350.0pt x 88.7013pt.
 [28]) [29] [30

]
Chapter 6.
(d1/d44/a00098.tex) (d4/d3a/a00101.tex) (d0/dc2/a00104.tex) (d4/d51/a00017.tex)
(df/d98/a00107.tex) (d4/d81/a00110.tex) (d3/d00/a00113.tex) (d3/d52/a00023.tex
[31]) (d6/d5b/a00026.tex) [32] (refman.ind
Overfull \hbox (243.7133pt too wide) in paragraph at lines 8--10
[]\T1/phv/m/n/10 C:/a/ce103-hw5-omer-polat/ce103-hw5-snake-app/obj/Debug/.NETFr
amework,Version=v4.7.2.AssemblyAttributes.cs,
 []


Overfull \hbox (28.59923pt too wide) in paragraph at lines 10--12
[]\T1/phv/m/n/10 C:/a/ce103-hw5-omer-polat/ce103-hw5-snake-app/Program.cs,
 []


Overfull \hbox (91.35507pt too wide) in paragraph at lines 12--14
[]\T1/phv/m/n/10 C:/a/ce103-hw5-omer-polat/ce103-hw5-snake-app/Properties/Assem
blyInfo.cs,
 []


Overfull \hbox (15.76558pt too wide) in paragraph at lines 14--16
[]\T1/phv/m/n/10 C:/a/ce103-hw5-omer-polat/ce103-hw5-snake-dll/Class1.cs,
 []


Overfull \hbox (237.7014pt too wide) in paragraph at lines 16--18
[]\T1/phv/m/n/10 C:/a/ce103-hw5-omer-polat/ce103-hw5-snake-dll/obj/Debug/.NETFr
amework,Version=v4.7.2.AssemblyAttributes.cs,
 []


Overfull \hbox (85.34317pt too wide) in paragraph at lines 18--20
[]\T1/phv/m/n/10 C:/a/ce103-hw5-omer-polat/ce103-hw5-snake-dll/Properties/Assem
blyInfo.cs,
 []


Overfull \hbox (243.20924pt too wide) in paragraph at lines 20--22
[]\T1/phv/m/n/10 C:/a/ce103-hw5-omer-polat/ce103-hw5-snake-test/obj/Debug/.NETF
ramework,Version=v4.7.2.AssemblyAttributes.cs,
 []


Overfull \hbox (90.85101pt too wide) in paragraph at lines 22--24
[]\T1/phv/m/n/10 C:/a/ce103-hw5-omer-polat/ce103-hw5-snake-test/Properties/Asse
mblyInfo.cs,
 []


Overfull \hbox (31.20013pt too wide) in paragraph at lines 24--26
[]\T1/phv/m/n/10 C:/a/ce103-hw5-omer-polat/ce103-hw5-snake-test/UnitTest1.cs,
 []

[33



] [34]) (refman.aux)
Package rerunfilecheck Info: File `refman.out' has not changed.
(rerunfilecheck)             Checksum: 970A09C598701B065E421E610CF025D0;18116.
 ) 
Here is how much of TeX's memory you used:
 18546 strings out of 478659
 326136 string characters out of 2843039
 623145 words of memory out of 3000000
 35967 multiletter control sequences out of 15000+600000
 459279 words of font info for 95 fonts, out of 8000000 for 9000
 1141 hyphenation exceptions out of 8191
 99i,16n,117p,1216b,748s stack positions out of 5000i,500n,10000p,200000b,80000s
{C:/Users/Ömer Polat/AppData/Local/Programs/MiKTeX/fonts/enc/dvips/base/8r.e
nc}<C:/Users/Ömer Polat/AppData/Local/Programs/MiKTeX/fonts/type1/public/amsfo
nts/cm/cmmi7.pfb><C:/Users/Ömer Polat/AppData/Local/Programs/MiKTeX/fonts/type
1/public/amsfonts/cm/cmsy7.pfb><C:/Users/Ömer Polat/AppData/Local/Programs/MiK
TeX/fonts/type1/urw/courier/ucrr8a.pfb><C:/Users/Ömer Polat/AppData/Local/Prog
rams/MiKTeX/fonts/type1/urw/courier/ucrro8a.pfb><C:/Users/Ömer Polat/AppData/L
ocal/Programs/MiKTeX/fonts/type1/urw/helvetic/uhvb8a.pfb><C:/Users/Ömer Polat/
AppData/Local/Programs/MiKTeX/fonts/type1/urw/helvetic/uhvb8ac.pfb><C:/Users/Ö
mer Polat/AppData/Local/Programs/MiKTeX/fonts/type1/urw/helvetic/uhvbo8a.pfb><C
:/Users/Ömer Polat/AppData/Local/Programs/MiKTeX/fonts/type1/urw/helvetic/uhvb
o8ac.pfb><C:/Users/Ömer Polat/AppData/Local/Programs/MiKTeX/fonts/type1/urw/he
lvetic/uhvr8a.pfb><C:/Users/Ömer Polat/AppData/Local/Programs/MiKTeX/fonts/typ
e1/urw/helvetic/uhvro8a.pfb>
Output written on refman.pdf (38 pages, 1218004 bytes).
PDF statistics:
 1497 PDF objects out of 1728 (max. 8388607)
 236 named destinations out of 1000 (max. 500000)
 844 words of extra memory for PDF output out of 10000 (max. 10000000)

